<?xml version="1.0" encoding="UTF-8"?>
<robot generator="Robot 5.0.1 (Python 3.10.4 on win32)" generated="20220901 23:49:38.829" rpa="false" schemaversion="3">
<suite id="s1" name="Test-One" source="C:\Python repositry\Python\Test\Automation\test-one.robot">
<test id="s1-t1" name="Google" line="8">
<kw name="Open Browser" library="SeleniumLibrary">
<arg>https://www.google.com</arg>
<arg>chrome</arg>
<doc>Opens a new browser instance to the optional ``url``.</doc>
<msg timestamp="20220901 23:49:56.774" level="INFO">Opening browser 'chrome' to base url 'https://www.google.com'.</msg>
<status status="PASS" starttime="20220901 23:49:56.774" endtime="20220901 23:50:17.153"/>
</kw>
<kw name="Sleep" library="BuiltIn">
<arg>2</arg>
<doc>Pauses the test executed for the given time.</doc>
<msg timestamp="20220901 23:50:19.166" level="INFO">Slept 2 seconds</msg>
<status status="PASS" starttime="20220901 23:50:17.154" endtime="20220901 23:50:19.166"/>
</kw>
<status status="PASS" starttime="20220901 23:49:56.774" endtime="20220901 23:50:19.166"/>
</test>
<status status="PASS" starttime="20220901 23:49:38.860" endtime="20220901 23:50:19.166"/>
</suite>
<statistics>
<total>
<stat pass="1" fail="0" skip="0">All Tests</stat>
</total>
<tag>
</tag>
<suite>
<stat pass="1" fail="0" skip="0" id="s1" name="Test-One">Test-One</stat>
</suite>
</statistics>
<errors>
</errors>
</robot>
